2023-05-18 10:44:34,199 INFO o.a.j.u.JMeterUtils: Setting Locale to en_EN
2023-05-18 10:44:34,211 INFO o.a.j.JMeter: Loading user properties from: /Users/dima/Downloads/apache-jmeter-5.5/bin/user.properties
2023-05-18 10:44:34,211 INFO o.a.j.JMeter: Loading system properties from: /Users/dima/Downloads/apache-jmeter-5.5/bin/system.properties
2023-05-18 10:44:34,214 INFO o.a.j.JMeter: Copyright (c) 1998-2022 The Apache Software Foundation
2023-05-18 10:44:34,214 INFO o.a.j.JMeter: Version 5.5
2023-05-18 10:44:34,214 INFO o.a.j.JMeter: java.version=19.0.2
2023-05-18 10:44:34,214 INFO o.a.j.JMeter: java.vm.name=OpenJDK 64-Bit Server VM
2023-05-18 10:44:34,214 INFO o.a.j.JMeter: os.name=Mac OS X
2023-05-18 10:44:34,214 INFO o.a.j.JMeter: os.arch=aarch64
2023-05-18 10:44:34,214 INFO o.a.j.JMeter: os.version=13.3.1
2023-05-18 10:44:34,214 INFO o.a.j.JMeter: file.encoding=UTF-8
2023-05-18 10:44:34,214 INFO o.a.j.JMeter: java.awt.headless=true
2023-05-18 10:44:34,214 INFO o.a.j.JMeter: Max memory     =1073741824
2023-05-18 10:44:34,214 INFO o.a.j.JMeter: Available Processors =8
2023-05-18 10:44:34,219 INFO o.a.j.JMeter: Default Locale=English (EN)
2023-05-18 10:44:34,219 INFO o.a.j.JMeter: JMeter  Locale=English (EN)
2023-05-18 10:44:34,219 INFO o.a.j.JMeter: JMeterHome=/Users/dima/Downloads/apache-jmeter-5.5
2023-05-18 10:44:34,219 INFO o.a.j.JMeter: user.dir  =/Users/dima/Development/AT_Java/src/main/java/itstep/task_25_Framework/jmeter
2023-05-18 10:44:34,219 INFO o.a.j.JMeter: PWD       =/Users/dima/Development/AT_Java/src/main/java/itstep/task_25_Framework/jmeter
2023-05-18 10:44:34,220 INFO o.a.j.JMeter: IP: 127.0.0.1 Name: MacBook-Pro-Dima.local FullName: localhost
2023-05-18 10:44:34,225 INFO o.a.j.JMeter: Setting property 'jmeter.reportgenerator.outputdir' to:'/Users/dima/Development/AT_Java/src/main/java/itstep/task_25_Framework/jmeter/report'
2023-05-18 10:44:34,226 INFO o.a.j.r.d.ReportGenerator: ReportGenerator will use for Parsing the separator: ','
2023-05-18 10:44:34,226 INFO o.a.j.r.d.ReportGenerator: Will only generate report from results file: framework_summary
2023-05-18 10:44:34,226 INFO o.a.j.r.d.ReportGenerator: Reading report generator properties from: /Users/dima/Downloads/apache-jmeter-5.5/bin/reportgenerator.properties
2023-05-18 10:44:34,227 INFO o.a.j.r.d.ReportGenerator: Merging with JMeter properties
2023-05-18 10:44:34,229 INFO o.a.j.r.c.ReportGeneratorConfiguration: Property 'jmeter.reportgenerator.temp_dir' not found, using default value 'temp' instead.
2023-05-18 10:44:34,230 INFO o.a.j.r.c.ReportGeneratorConfiguration: Property 'jmeter.reportgenerator.apdex_per_transaction' not found, using default value 'null' instead.
2023-05-18 10:44:34,234 INFO o.a.j.r.c.ReportGeneratorConfiguration: apdex_per_transaction is empty, not APDEX per transaction customization
2023-05-18 10:44:34,234 INFO o.a.j.r.c.ReportGeneratorConfiguration: Property 'jmeter.reportgenerator.sample_filter' not found, using default value 'null' instead.
2023-05-18 10:44:34,234 INFO o.a.j.r.c.ReportGeneratorConfiguration: Property 'jmeter.reportgenerator.report_title' not found, using default value 'null' instead.
2023-05-18 10:44:34,234 INFO o.a.j.r.c.ReportGeneratorConfiguration: Property 'jmeter.reportgenerator.start_date' not found, using default value 'null' instead.
2023-05-18 10:44:34,234 INFO o.a.j.r.c.ReportGeneratorConfiguration: Property 'jmeter.reportgenerator.end_date' not found, using default value 'null' instead.
2023-05-18 10:44:34,234 INFO o.a.j.r.c.ReportGeneratorConfiguration: Property 'jmeter.reportgenerator.date_format' not found, using default value 'null' instead.
2023-05-18 10:44:34,236 INFO o.a.j.r.c.ReportGeneratorConfiguration: Will use date range start date: null, end date: null
2023-05-18 10:44:34,237 INFO o.a.j.r.c.ReportGeneratorConfiguration: Property 'jmeter.reportgenerator.graph.totalTPS.exclude_controllers' not found, using default value 'false' instead.
2023-05-18 10:44:34,238 INFO o.a.j.r.c.ReportGeneratorConfiguration: Property 'jmeter.reportgenerator.graph.activeThreadsOverTime.exclude_controllers' not found, using default value 'false' instead.
2023-05-18 10:44:34,238 INFO o.a.j.r.c.ReportGeneratorConfiguration: Property 'jmeter.reportgenerator.graph.timeVsThreads.exclude_controllers' not found, using default value 'false' instead.
2023-05-18 10:44:34,238 INFO o.a.j.r.c.ReportGeneratorConfiguration: Property 'jmeter.reportgenerator.graph.responseTimeDistribution.exclude_controllers' not found, using default value 'false' instead.
2023-05-18 10:44:34,238 INFO o.a.j.r.c.ReportGeneratorConfiguration: Property 'jmeter.reportgenerator.graph.transactionsPerSecond.exclude_controllers' not found, using default value 'false' instead.
2023-05-18 10:44:34,238 INFO o.a.j.r.c.ReportGeneratorConfiguration: Property 'jmeter.reportgenerator.graph.responseTimePercentiles.exclude_controllers' not found, using default value 'false' instead.
2023-05-18 10:44:34,238 INFO o.a.j.r.c.ReportGeneratorConfiguration: Property 'jmeter.reportgenerator.graph.responseTimePercentilesOverTime.exclude_controllers' not found, using default value 'false' instead.
2023-05-18 10:44:34,238 INFO o.a.j.r.c.ReportGeneratorConfiguration: Property 'jmeter.reportgenerator.graph.responseTimesOverTime.exclude_controllers' not found, using default value 'false' instead.
2023-05-18 10:44:34,238 INFO o.a.j.r.c.ReportGeneratorConfiguration: Property 'jmeter.reportgenerator.graph.connectTimeOverTime.exclude_controllers' not found, using default value 'false' instead.
2023-05-18 10:44:34,238 INFO o.a.j.r.c.ReportGeneratorConfiguration: Property 'jmeter.reportgenerator.graph.latenciesOverTime.exclude_controllers' not found, using default value 'false' instead.
2023-05-18 10:44:34,239 INFO o.a.j.r.c.ReportGeneratorConfiguration: Property 'jmeter.reportgenerator.exporter.json.filters_only_sample_series' not found, using default value 'true' instead.
2023-05-18 10:44:34,239 INFO o.a.j.r.c.ReportGeneratorConfiguration: Property 'jmeter.reportgenerator.exporter.json.series_filter' not found, using default value '' instead.
2023-05-18 10:44:34,239 INFO o.a.j.r.c.ReportGeneratorConfiguration: Property 'jmeter.reportgenerator.exporter.json.show_controllers_only' not found, using default value 'false' instead.
2023-05-18 10:44:34,239 INFO o.a.j.r.c.ReportGeneratorConfiguration: Property 'jmeter.reportgenerator.exporter.html.filters_only_sample_series' not found, using default value 'true' instead.
2023-05-18 10:44:34,239 INFO o.a.j.r.c.ReportGeneratorConfiguration: Property 'jmeter.reportgenerator.exporter.html.series_filter' not found, using default value '' instead.
2023-05-18 10:44:34,239 INFO o.a.j.r.c.ReportGeneratorConfiguration: Property 'jmeter.reportgenerator.exporter.html.show_controllers_only' not found, using default value 'false' instead.
2023-05-18 10:44:34,322 INFO o.a.j.s.SaveService: Testplan (JMX) version: 2.2. Testlog (JTL) version: 2.2
2023-05-18 10:44:34,334 INFO o.a.j.s.SaveService: Using SaveService properties version 5.0
2023-05-18 10:44:34,336 INFO o.a.j.s.SaveService: Using SaveService properties file encoding UTF-8
2023-05-18 10:44:34,348 INFO o.a.j.r.p.NormalizerSampleConsumer: Using format, 'ms', to parse timeStamp field
2023-05-18 10:44:34,448 INFO o.a.j.r.p.AbstractSampleConsumer: class org.apache.jmeter.report.processor.AggregateConsumer#stopProducing(): beginDate produced 0 samples
2023-05-18 10:44:34,449 INFO o.a.j.r.p.AbstractSampleConsumer: class org.apache.jmeter.report.processor.AggregateConsumer#stopProducing(): endDate produced 0 samples
2023-05-18 10:44:34,450 INFO o.a.j.r.p.AbstractSampleConsumer: class org.apache.jmeter.report.processor.ApdexSummaryConsumer#stopProducing(): apdexSummary produced 0 samples
2023-05-18 10:44:34,450 INFO o.a.j.r.p.AbstractSampleConsumer: class org.apache.jmeter.report.processor.RequestsSummaryConsumer#stopProducing(): requestsSummary produced 0 samples
2023-05-18 10:44:34,453 INFO o.a.j.r.p.AbstractSampleConsumer: class org.apache.jmeter.report.processor.StatisticsSummaryConsumer#stopProducing(): statisticsSummary produced 0 samples
2023-05-18 10:44:34,455 INFO o.a.j.r.p.AbstractSampleConsumer: class org.apache.jmeter.report.processor.Top5ErrorsBySamplerConsumer#stopProducing(): top5ErrorsBySampler produced 0 samples
2023-05-18 10:44:34,455 INFO o.a.j.r.p.AbstractSampleConsumer: class org.apache.jmeter.report.processor.ErrorsSummaryConsumer#stopProducing(): errorsSummary produced 0 samples
2023-05-18 10:44:34,455 INFO o.a.j.r.p.AbstractSampleConsumer: class org.apache.jmeter.report.processor.graph.impl.HitsPerSecondGraphConsumer#stopProducing(): hitsPerSecond produced 0 samples
2023-05-18 10:44:34,487 INFO o.a.j.r.p.AbstractSampleConsumer: class org.apache.jmeter.report.processor.graph.impl.LatencyVSRequestGraphConsumer#stopProducing(): latencyVsRequest produced 0 samples
2023-05-18 10:44:34,487 INFO o.a.j.r.p.AbstractSampleConsumer: class org.apache.jmeter.report.processor.graph.impl.SyntheticResponseTimeDistributionGraphConsumer#stopProducing(): syntheticResponseTimeDistribution produced 0 samples
2023-05-18 10:44:34,487 INFO o.a.j.r.p.AbstractSampleConsumer: class org.apache.jmeter.report.processor.graph.impl.BytesThroughputGraphConsumer#stopProducing(): bytesThroughputOverTime produced 0 samples
2023-05-18 10:44:34,487 INFO o.a.j.r.p.AbstractSampleConsumer: class org.apache.jmeter.report.processor.graph.impl.CodesPerSecondGraphConsumer#stopProducing(): codesPerSecond produced 0 samples
2023-05-18 10:44:34,505 INFO o.a.j.r.p.AbstractSampleConsumer: class org.apache.jmeter.report.processor.graph.impl.ResponseTimeVSRequestGraphConsumer#stopProducing(): responseTimeVsRequest produced 0 samples
2023-05-18 10:44:34,506 INFO o.a.j.r.p.AbstractSampleConsumer: class org.apache.jmeter.report.processor.FilterConsumer#stopProducing(): startIntervalControlerFilter produced 24521 samples
2023-05-18 10:44:34,506 INFO o.a.j.r.p.AbstractSampleConsumer: class org.apache.jmeter.report.processor.graph.impl.TotalTPSGraphConsumer#stopProducing(): totalTPS produced 0 samples
2023-05-18 10:44:34,506 INFO o.a.j.r.p.AbstractSampleConsumer: class org.apache.jmeter.report.processor.graph.impl.ActiveThreadsGraphConsumer#stopProducing(): activeThreadsOverTime produced 0 samples
2023-05-18 10:44:34,506 INFO o.a.j.r.p.AbstractSampleConsumer: class org.apache.jmeter.report.processor.graph.impl.TimeVSThreadGraphConsumer#stopProducing(): timeVsThreads produced 0 samples
2023-05-18 10:44:34,508 INFO o.a.j.r.p.AbstractSampleConsumer: class org.apache.jmeter.report.processor.graph.impl.ResponseTimeDistributionGraphConsumer#stopProducing(): responseTimeDistribution produced 0 samples
2023-05-18 10:44:34,508 INFO o.a.j.r.p.AbstractSampleConsumer: class org.apache.jmeter.report.processor.graph.impl.TransactionsPerSecondGraphConsumer#stopProducing(): transactionsPerSecond produced 0 samples
2023-05-18 10:44:34,509 INFO o.a.j.r.p.AbstractSampleConsumer: class org.apache.jmeter.report.processor.graph.impl.ResponseTimePercentilesGraphConsumer#stopProducing(): responseTimePercentiles produced 0 samples
2023-05-18 10:44:34,513 INFO o.a.j.r.p.AbstractSampleConsumer: class org.apache.jmeter.report.processor.graph.impl.ResponseTimePercentilesOverTimeGraphConsumer#stopProducing(): responseTimePercentilesOverTime produced 0 samples
2023-05-18 10:44:34,513 INFO o.a.j.r.p.AbstractSampleConsumer: class org.apache.jmeter.report.processor.graph.impl.ResponseTimeOverTimeGraphConsumer#stopProducing(): responseTimesOverTime produced 0 samples
2023-05-18 10:44:34,514 INFO o.a.j.r.p.AbstractSampleConsumer: class org.apache.jmeter.report.processor.graph.impl.ConnectTimeOverTimeGraphConsumer#stopProducing(): connectTimeOverTime produced 0 samples
2023-05-18 10:44:34,514 INFO o.a.j.r.p.AbstractSampleConsumer: class org.apache.jmeter.report.processor.graph.impl.LatencyOverTimeGraphConsumer#stopProducing(): latenciesOverTime produced 0 samples
2023-05-18 10:44:34,514 INFO o.a.j.r.p.AbstractSampleConsumer: class org.apache.jmeter.report.processor.FilterConsumer#stopProducing(): nameFilter produced 52545 samples
2023-05-18 10:44:34,514 INFO o.a.j.r.p.AbstractSampleConsumer: class org.apache.jmeter.report.processor.FilterConsumer#stopProducing(): dateRangeFilter produced 10509 samples
2023-05-18 10:44:34,514 INFO o.a.j.r.p.AbstractSampleConsumer: class org.apache.jmeter.report.processor.NormalizerSampleConsumer#stopProducing(): normalizer produced 3503 samples
2023-05-18 10:44:34,516 INFO o.a.j.r.p.CsvFileSampleSource: produce(): 3503 samples produced in 156ms on channel 0
2023-05-18 10:44:34,516 INFO o.a.j.r.d.ReportGenerator: Exporting data using exporter:'json' of className:'org.apache.jmeter.report.dashboard.JsonExporter'
2023-05-18 10:44:34,565 INFO o.a.j.r.d.JsonExporter: Found data for consumer statisticsSummary in context
2023-05-18 10:44:34,565 INFO o.a.j.r.d.JsonExporter: Creating statistics for overall
2023-05-18 10:44:34,565 INFO o.a.j.r.d.JsonExporter: Creating statistics for other transactions
2023-05-18 10:44:34,566 INFO o.a.j.r.d.JsonExporter: Checking output folder
2023-05-18 10:44:34,566 INFO o.a.j.r.d.JsonExporter: Writing statistics JSON to /Users/dima/Development/AT_Java/src/main/java/itstep/task_25_Framework/jmeter/report/statistics.json
2023-05-18 10:44:34,586 INFO o.a.j.r.d.ReportGenerator: Exporting data using exporter:'html' of className:'org.apache.jmeter.report.dashboard.HtmlTemplateExporter'
2023-05-18 10:44:34,587 INFO o.a.j.r.d.HtmlTemplateExporter: Will generate dashboard in folder: /Users/dima/Development/AT_Java/src/main/java/itstep/task_25_Framework/jmeter/report
2023-05-18 10:44:34,673 INFO o.a.j.r.d.HtmlTemplateExporter: Report will be generated in: /Users/dima/Development/AT_Java/src/main/java/itstep/task_25_Framework/jmeter/report, creating folder structure
2023-05-18 10:44:34,675 INFO o.a.j.r.d.TemplateVisitor: Copying folder from '/Users/dima/Downloads/apache-jmeter-5.5/bin/report-template' to '/Users/dima/Development/AT_Java/src/main/java/itstep/task_25_Framework/jmeter/report', got message: /Users/dima/Development/AT_Java/src/main/java/itstep/task_25_Framework/jmeter/report, found non empty folder with following content [/Users/dima/Development/AT_Java/src/main/java/itstep/task_25_Framework/jmeter/report/statistics.json], will be ignored
