2023-05-12 17:45:19,162 INFO o.a.j.u.JMeterUtils: Setting Locale to en_EN
2023-05-12 17:45:19,179 INFO o.a.j.JMeter: Loading user properties from: /Users/dima/Downloads/apache-jmeter-5.5/bin/user.properties
2023-05-12 17:45:19,179 INFO o.a.j.JMeter: Loading system properties from: /Users/dima/Downloads/apache-jmeter-5.5/bin/system.properties
2023-05-12 17:45:19,183 INFO o.a.j.JMeter: Copyright (c) 1998-2022 The Apache Software Foundation
2023-05-12 17:45:19,183 INFO o.a.j.JMeter: Version 5.5
2023-05-12 17:45:19,183 INFO o.a.j.JMeter: java.version=19.0.2
2023-05-12 17:45:19,183 INFO o.a.j.JMeter: java.vm.name=OpenJDK 64-Bit Server VM
2023-05-12 17:45:19,183 INFO o.a.j.JMeter: os.name=Mac OS X
2023-05-12 17:45:19,183 INFO o.a.j.JMeter: os.arch=aarch64
2023-05-12 17:45:19,183 INFO o.a.j.JMeter: os.version=13.3.1
2023-05-12 17:45:19,183 INFO o.a.j.JMeter: file.encoding=UTF-8
2023-05-12 17:45:19,183 INFO o.a.j.JMeter: java.awt.headless=true
2023-05-12 17:45:19,183 INFO o.a.j.JMeter: Max memory     =1073741824
2023-05-12 17:45:19,183 INFO o.a.j.JMeter: Available Processors =8
2023-05-12 17:45:19,190 INFO o.a.j.JMeter: Default Locale=English (EN)
2023-05-12 17:45:19,190 INFO o.a.j.JMeter: JMeter  Locale=English (EN)
2023-05-12 17:45:19,190 INFO o.a.j.JMeter: JMeterHome=/Users/dima/Downloads/apache-jmeter-5.5
2023-05-12 17:45:19,190 INFO o.a.j.JMeter: user.dir  =/Users/dima/Development/AT_Java/src/main/java/itstep/task_20
2023-05-12 17:45:19,190 INFO o.a.j.JMeter: PWD       =/Users/dima/Development/AT_Java/src/main/java/itstep/task_20
2023-05-12 17:45:19,192 INFO o.a.j.JMeter: IP: 127.0.0.1 Name: MacBook-Pro-Dima.local FullName: localhost
2023-05-12 17:45:19,198 INFO o.a.j.JMeter: Setting property 'jmeter.reportgenerator.outputdir' to:'/Users/dima/Development/AT_Java/src/main/java/itstep/task_20/report'
2023-05-12 17:45:19,200 INFO o.a.j.r.d.ReportGenerator: ReportGenerator will use for Parsing the separator: ','
2023-05-12 17:45:19,200 INFO o.a.j.r.d.ReportGenerator: Will only generate report from results file: summary
2023-05-12 17:45:19,200 INFO o.a.j.r.d.ReportGenerator: Reading report generator properties from: /Users/dima/Downloads/apache-jmeter-5.5/bin/reportgenerator.properties
2023-05-12 17:45:19,201 INFO o.a.j.r.d.ReportGenerator: Merging with JMeter properties
2023-05-12 17:45:19,204 INFO o.a.j.r.c.ReportGeneratorConfiguration: Property 'jmeter.reportgenerator.temp_dir' not found, using default value 'temp' instead.
2023-05-12 17:45:19,206 INFO o.a.j.r.c.ReportGeneratorConfiguration: Property 'jmeter.reportgenerator.apdex_per_transaction' not found, using default value 'null' instead.
2023-05-12 17:45:19,210 INFO o.a.j.r.c.ReportGeneratorConfiguration: apdex_per_transaction is empty, not APDEX per transaction customization
2023-05-12 17:45:19,210 INFO o.a.j.r.c.ReportGeneratorConfiguration: Property 'jmeter.reportgenerator.sample_filter' not found, using default value 'null' instead.
2023-05-12 17:45:19,211 INFO o.a.j.r.c.ReportGeneratorConfiguration: Property 'jmeter.reportgenerator.report_title' not found, using default value 'null' instead.
2023-05-12 17:45:19,211 INFO o.a.j.r.c.ReportGeneratorConfiguration: Property 'jmeter.reportgenerator.start_date' not found, using default value 'null' instead.
2023-05-12 17:45:19,211 INFO o.a.j.r.c.ReportGeneratorConfiguration: Property 'jmeter.reportgenerator.end_date' not found, using default value 'null' instead.
2023-05-12 17:45:19,211 INFO o.a.j.r.c.ReportGeneratorConfiguration: Property 'jmeter.reportgenerator.date_format' not found, using default value 'null' instead.
2023-05-12 17:45:19,213 INFO o.a.j.r.c.ReportGeneratorConfiguration: Will use date range start date: null, end date: null
2023-05-12 17:45:19,216 INFO o.a.j.r.c.ReportGeneratorConfiguration: Property 'jmeter.reportgenerator.graph.totalTPS.exclude_controllers' not found, using default value 'false' instead.
2023-05-12 17:45:19,216 INFO o.a.j.r.c.ReportGeneratorConfiguration: Property 'jmeter.reportgenerator.graph.activeThreadsOverTime.exclude_controllers' not found, using default value 'false' instead.
2023-05-12 17:45:19,216 INFO o.a.j.r.c.ReportGeneratorConfiguration: Property 'jmeter.reportgenerator.graph.timeVsThreads.exclude_controllers' not found, using default value 'false' instead.
2023-05-12 17:45:19,216 INFO o.a.j.r.c.ReportGeneratorConfiguration: Property 'jmeter.reportgenerator.graph.responseTimeDistribution.exclude_controllers' not found, using default value 'false' instead.
2023-05-12 17:45:19,216 INFO o.a.j.r.c.ReportGeneratorConfiguration: Property 'jmeter.reportgenerator.graph.transactionsPerSecond.exclude_controllers' not found, using default value 'false' instead.
2023-05-12 17:45:19,216 INFO o.a.j.r.c.ReportGeneratorConfiguration: Property 'jmeter.reportgenerator.graph.responseTimePercentiles.exclude_controllers' not found, using default value 'false' instead.
2023-05-12 17:45:19,216 INFO o.a.j.r.c.ReportGeneratorConfiguration: Property 'jmeter.reportgenerator.graph.responseTimePercentilesOverTime.exclude_controllers' not found, using default value 'false' instead.
2023-05-12 17:45:19,216 INFO o.a.j.r.c.ReportGeneratorConfiguration: Property 'jmeter.reportgenerator.graph.responseTimesOverTime.exclude_controllers' not found, using default value 'false' instead.
2023-05-12 17:45:19,217 INFO o.a.j.r.c.ReportGeneratorConfiguration: Property 'jmeter.reportgenerator.graph.connectTimeOverTime.exclude_controllers' not found, using default value 'false' instead.
2023-05-12 17:45:19,217 INFO o.a.j.r.c.ReportGeneratorConfiguration: Property 'jmeter.reportgenerator.graph.latenciesOverTime.exclude_controllers' not found, using default value 'false' instead.
2023-05-12 17:45:19,217 INFO o.a.j.r.c.ReportGeneratorConfiguration: Property 'jmeter.reportgenerator.exporter.json.filters_only_sample_series' not found, using default value 'true' instead.
2023-05-12 17:45:19,217 INFO o.a.j.r.c.ReportGeneratorConfiguration: Property 'jmeter.reportgenerator.exporter.json.series_filter' not found, using default value '' instead.
2023-05-12 17:45:19,217 INFO o.a.j.r.c.ReportGeneratorConfiguration: Property 'jmeter.reportgenerator.exporter.json.show_controllers_only' not found, using default value 'false' instead.
2023-05-12 17:45:19,217 INFO o.a.j.r.c.ReportGeneratorConfiguration: Property 'jmeter.reportgenerator.exporter.html.filters_only_sample_series' not found, using default value 'true' instead.
2023-05-12 17:45:19,218 INFO o.a.j.r.c.ReportGeneratorConfiguration: Property 'jmeter.reportgenerator.exporter.html.series_filter' not found, using default value '' instead.
2023-05-12 17:45:19,218 INFO o.a.j.r.c.ReportGeneratorConfiguration: Property 'jmeter.reportgenerator.exporter.html.show_controllers_only' not found, using default value 'false' instead.
2023-05-12 17:45:19,343 INFO o.a.j.s.SaveService: Testplan (JMX) version: 2.2. Testlog (JTL) version: 2.2
2023-05-12 17:45:19,360 INFO o.a.j.s.SaveService: Using SaveService properties version 5.0
2023-05-12 17:45:19,362 INFO o.a.j.s.SaveService: Using SaveService properties file encoding UTF-8
2023-05-12 17:45:19,379 INFO o.a.j.r.p.NormalizerSampleConsumer: Using format, 'ms', to parse timeStamp field
2023-05-12 17:45:19,548 INFO o.a.j.r.p.AbstractSampleConsumer: class org.apache.jmeter.report.processor.AggregateConsumer#stopProducing(): beginDate produced 0 samples
2023-05-12 17:45:19,548 INFO o.a.j.r.p.AbstractSampleConsumer: class org.apache.jmeter.report.processor.AggregateConsumer#stopProducing(): endDate produced 0 samples
2023-05-12 17:45:19,550 INFO o.a.j.r.p.AbstractSampleConsumer: class org.apache.jmeter.report.processor.ApdexSummaryConsumer#stopProducing(): apdexSummary produced 0 samples
2023-05-12 17:45:19,551 INFO o.a.j.r.p.AbstractSampleConsumer: class org.apache.jmeter.report.processor.RequestsSummaryConsumer#stopProducing(): requestsSummary produced 0 samples
2023-05-12 17:45:19,556 INFO o.a.j.r.p.AbstractSampleConsumer: class org.apache.jmeter.report.processor.StatisticsSummaryConsumer#stopProducing(): statisticsSummary produced 0 samples
2023-05-12 17:45:19,558 INFO o.a.j.r.p.AbstractSampleConsumer: class org.apache.jmeter.report.processor.Top5ErrorsBySamplerConsumer#stopProducing(): top5ErrorsBySampler produced 0 samples
2023-05-12 17:45:19,558 INFO o.a.j.r.p.AbstractSampleConsumer: class org.apache.jmeter.report.processor.ErrorsSummaryConsumer#stopProducing(): errorsSummary produced 0 samples
2023-05-12 17:45:19,558 INFO o.a.j.r.p.AbstractSampleConsumer: class org.apache.jmeter.report.processor.graph.impl.HitsPerSecondGraphConsumer#stopProducing(): hitsPerSecond produced 0 samples
2023-05-12 17:45:19,602 INFO o.a.j.r.p.AbstractSampleConsumer: class org.apache.jmeter.report.processor.graph.impl.LatencyVSRequestGraphConsumer#stopProducing(): latencyVsRequest produced 0 samples
2023-05-12 17:45:19,602 INFO o.a.j.r.p.AbstractSampleConsumer: class org.apache.jmeter.report.processor.graph.impl.SyntheticResponseTimeDistributionGraphConsumer#stopProducing(): syntheticResponseTimeDistribution produced 0 samples
2023-05-12 17:45:19,603 INFO o.a.j.r.p.AbstractSampleConsumer: class org.apache.jmeter.report.processor.graph.impl.BytesThroughputGraphConsumer#stopProducing(): bytesThroughputOverTime produced 0 samples
2023-05-12 17:45:19,603 INFO o.a.j.r.p.AbstractSampleConsumer: class org.apache.jmeter.report.processor.graph.impl.CodesPerSecondGraphConsumer#stopProducing(): codesPerSecond produced 0 samples
2023-05-12 17:45:19,624 INFO o.a.j.r.p.AbstractSampleConsumer: class org.apache.jmeter.report.processor.graph.impl.ResponseTimeVSRequestGraphConsumer#stopProducing(): responseTimeVsRequest produced 0 samples
2023-05-12 17:45:19,624 INFO o.a.j.r.p.AbstractSampleConsumer: class org.apache.jmeter.report.processor.FilterConsumer#stopProducing(): startIntervalControlerFilter produced 20720 samples
2023-05-12 17:45:19,624 INFO o.a.j.r.p.AbstractSampleConsumer: class org.apache.jmeter.report.processor.graph.impl.TotalTPSGraphConsumer#stopProducing(): totalTPS produced 0 samples
2023-05-12 17:45:19,625 INFO o.a.j.r.p.AbstractSampleConsumer: class org.apache.jmeter.report.processor.graph.impl.ActiveThreadsGraphConsumer#stopProducing(): activeThreadsOverTime produced 0 samples
2023-05-12 17:45:19,625 INFO o.a.j.r.p.AbstractSampleConsumer: class org.apache.jmeter.report.processor.graph.impl.TimeVSThreadGraphConsumer#stopProducing(): timeVsThreads produced 0 samples
2023-05-12 17:45:19,626 INFO o.a.j.r.p.AbstractSampleConsumer: class org.apache.jmeter.report.processor.graph.impl.ResponseTimeDistributionGraphConsumer#stopProducing(): responseTimeDistribution produced 0 samples
2023-05-12 17:45:19,627 INFO o.a.j.r.p.AbstractSampleConsumer: class org.apache.jmeter.report.processor.graph.impl.TransactionsPerSecondGraphConsumer#stopProducing(): transactionsPerSecond produced 0 samples
2023-05-12 17:45:19,627 INFO o.a.j.r.p.AbstractSampleConsumer: class org.apache.jmeter.report.processor.graph.impl.ResponseTimePercentilesGraphConsumer#stopProducing(): responseTimePercentiles produced 0 samples
2023-05-12 17:45:19,635 INFO o.a.j.r.p.AbstractSampleConsumer: class org.apache.jmeter.report.processor.graph.impl.ResponseTimePercentilesOverTimeGraphConsumer#stopProducing(): responseTimePercentilesOverTime produced 0 samples
2023-05-12 17:45:19,636 INFO o.a.j.r.p.AbstractSampleConsumer: class org.apache.jmeter.report.processor.graph.impl.ResponseTimeOverTimeGraphConsumer#stopProducing(): responseTimesOverTime produced 0 samples
2023-05-12 17:45:19,636 INFO o.a.j.r.p.AbstractSampleConsumer: class org.apache.jmeter.report.processor.graph.impl.ConnectTimeOverTimeGraphConsumer#stopProducing(): connectTimeOverTime produced 0 samples
2023-05-12 17:45:19,636 INFO o.a.j.r.p.AbstractSampleConsumer: class org.apache.jmeter.report.processor.graph.impl.LatencyOverTimeGraphConsumer#stopProducing(): latenciesOverTime produced 0 samples
2023-05-12 17:45:19,636 INFO o.a.j.r.p.AbstractSampleConsumer: class org.apache.jmeter.report.processor.FilterConsumer#stopProducing(): nameFilter produced 44400 samples
2023-05-12 17:45:19,636 INFO o.a.j.r.p.AbstractSampleConsumer: class org.apache.jmeter.report.processor.FilterConsumer#stopProducing(): dateRangeFilter produced 8880 samples
2023-05-12 17:45:19,636 INFO o.a.j.r.p.AbstractSampleConsumer: class org.apache.jmeter.report.processor.NormalizerSampleConsumer#stopProducing(): normalizer produced 2960 samples
2023-05-12 17:45:19,637 INFO o.a.j.r.p.CsvFileSampleSource: produce(): 2960 samples produced in 242ms on channel 0
2023-05-12 17:45:19,637 INFO o.a.j.r.d.ReportGenerator: Exporting data using exporter:'json' of className:'org.apache.jmeter.report.dashboard.JsonExporter'
2023-05-12 17:45:19,713 INFO o.a.j.r.d.JsonExporter: Found data for consumer statisticsSummary in context
2023-05-12 17:45:19,713 INFO o.a.j.r.d.JsonExporter: Creating statistics for overall
2023-05-12 17:45:19,714 INFO o.a.j.r.d.JsonExporter: Creating statistics for other transactions
2023-05-12 17:45:19,714 INFO o.a.j.r.d.JsonExporter: Checking output folder
2023-05-12 17:45:19,714 INFO o.a.j.r.d.JsonExporter: Writing statistics JSON to /Users/dima/Development/AT_Java/src/main/java/itstep/task_20/report/statistics.json
2023-05-12 17:45:19,743 INFO o.a.j.r.d.ReportGenerator: Exporting data using exporter:'html' of className:'org.apache.jmeter.report.dashboard.HtmlTemplateExporter'
2023-05-12 17:45:19,745 INFO o.a.j.r.d.HtmlTemplateExporter: Will generate dashboard in folder: /Users/dima/Development/AT_Java/src/main/java/itstep/task_20/report
2023-05-12 17:45:19,858 INFO o.a.j.r.d.HtmlTemplateExporter: Report will be generated in: /Users/dima/Development/AT_Java/src/main/java/itstep/task_20/report, creating folder structure
2023-05-12 17:45:19,861 INFO o.a.j.r.d.TemplateVisitor: Copying folder from '/Users/dima/Downloads/apache-jmeter-5.5/bin/report-template' to '/Users/dima/Development/AT_Java/src/main/java/itstep/task_20/report', got message: /Users/dima/Development/AT_Java/src/main/java/itstep/task_20/report, found non empty folder with following content [/Users/dima/Development/AT_Java/src/main/java/itstep/task_20/report/statistics.json], will be ignored
