2023-05-18 10:34:06,506 INFO o.a.j.u.JMeterUtils: Setting Locale to en_EN
2023-05-18 10:34:06,518 INFO o.a.j.JMeter: Loading user properties from: /Users/dima/Downloads/apache-jmeter-5.5/bin/user.properties
2023-05-18 10:34:06,518 INFO o.a.j.JMeter: Loading system properties from: /Users/dima/Downloads/apache-jmeter-5.5/bin/system.properties
2023-05-18 10:34:06,518 INFO o.a.j.JMeter: Setting JMeter property: duration=60
2023-05-18 10:34:06,520 INFO o.a.j.JMeter: Copyright (c) 1998-2022 The Apache Software Foundation
2023-05-18 10:34:06,521 INFO o.a.j.JMeter: Version 5.5
2023-05-18 10:34:06,521 INFO o.a.j.JMeter: java.version=19.0.2
2023-05-18 10:34:06,521 INFO o.a.j.JMeter: java.vm.name=OpenJDK 64-Bit Server VM
2023-05-18 10:34:06,521 INFO o.a.j.JMeter: os.name=Mac OS X
2023-05-18 10:34:06,521 INFO o.a.j.JMeter: os.arch=aarch64
2023-05-18 10:34:06,521 INFO o.a.j.JMeter: os.version=13.3.1
2023-05-18 10:34:06,521 INFO o.a.j.JMeter: file.encoding=UTF-8
2023-05-18 10:34:06,521 INFO o.a.j.JMeter: java.awt.headless=true
2023-05-18 10:34:06,521 INFO o.a.j.JMeter: Max memory     =1073741824
2023-05-18 10:34:06,521 INFO o.a.j.JMeter: Available Processors =8
2023-05-18 10:34:06,525 INFO o.a.j.JMeter: Default Locale=English (EN)
2023-05-18 10:34:06,525 INFO o.a.j.JMeter: JMeter  Locale=English (EN)
2023-05-18 10:34:06,525 INFO o.a.j.JMeter: JMeterHome=/Users/dima/Downloads/apache-jmeter-5.5
2023-05-18 10:34:06,525 INFO o.a.j.JMeter: user.dir  =/Users/dima/Development/AT_Java/src/main/java/itstep/task_25_Framework
2023-05-18 10:34:06,526 INFO o.a.j.JMeter: PWD       =/Users/dima/Development/AT_Java/src/main/java/itstep/task_25_Framework
2023-05-18 10:34:06,683 INFO o.a.j.JMeter: IP: fe80:0:0:0:d846:5aff:febe:d388%5 Name: MacBook-Pro-Dima.local FullName: macbook-pro-dima.local
2023-05-18 10:34:06,692 ERROR o.a.j.JMeter: An error occurred: 
org.apache.jmeter.report.config.ConfigurationException: The file /Users/dima/Development/AT_Java/src/main/java/itstep/task_25_Framework/Test_Plan.jmx doesn't exist or can't be opened
	at org.apache.jmeter.JMeter.runNonGui(JMeter.java:927) ~[ApacheJMeter_core.jar:5.5]
	at org.apache.jmeter.JMeter.startNonGui(JMeter.java:917) ~[ApacheJMeter_core.jar:5.5]
	at org.apache.jmeter.JMeter.start(JMeter.java:485) ~[ApacheJMeter_core.jar:5.5]
	at jdk.internal.reflect.DirectMethodHandleAccessor.invoke(DirectMethodHandleAccessor.java:104) ~[?:?]
	at java.lang.reflect.Method.invoke(Method.java:578) ~[?:?]
	at org.apache.jmeter.NewDriver.main(NewDriver.java:259) ~[ApacheJMeter.jar:5.5]
